12:30:20:425  INFO 3896 --- [main] com.hmall.pay.PayApplication             : Starting PayApplication using Java 11.0.22 on LAPTOP-I43ULS42 with PID 3896 (D:\JavaCode\springcloud\hmall\pay-service\target\classes started by 25050 in D:\JavaCode\springcloud)
12:30:20:430 DEBUG 3896 --- [main] com.hmall.pay.PayApplication             : Running with Spring Boot v2.7.12, Spring v5.3.27
12:30:20:431  INFO 3896 --- [main] com.hmall.pay.PayApplication             : The following 1 profile is active: "local"
12:30:21:586  INFO 3896 --- [main] o.s.cloud.context.scope.GenericScope     : BeanFactory id=91546039-c0c1-3aed-9115-f86cf2141404
12:30:22:032  INFO 3896 --- [main] o.s.b.w.embedded.tomcat.TomcatWebServer  : Tomcat initialized with port(s): 8086 (http)
12:30:22:048  INFO 3896 --- [main] o.apache.catalina.core.StandardService   : Starting service [Tomcat]
12:30:22:048  INFO 3896 --- [main] org.apache.catalina.core.StandardEngine  : Starting Servlet engine: [Apache Tomcat/9.0.75]
12:30:22:273  INFO 3896 --- [main] o.a.c.c.C.[Tomcat].[localhost].[/]       : Initializing Spring embedded WebApplicationContext
12:30:22:273  INFO 3896 --- [main] w.s.c.ServletWebServerApplicationContext : Root WebApplicationContext: initialization completed in 1788 ms
12:30:22:587  INFO 3896 --- [main] o.s.c.openfeign.FeignClientFactoryBean   : For 'user-service' URL not provided. Will try picking an instance via load-balancing.
12:30:22:641  INFO 3896 --- [main] o.s.c.openfeign.FeignClientFactoryBean   : For 'trade-service' URL not provided. Will try picking an instance via load-balancing.
12:30:29:195  INFO 3896 --- [main] pertySourcedRequestMappingHandlerMapping : Mapped URL path [/v2/api-docs] onto method [springfox.documentation.swagger2.web.Swagger2ControllerWebMvc#getDocumentation(String, HttpServletRequest)]
12:30:30:453  INFO 3896 --- [main] com.alibaba.nacos.common.remote.client   : [RpcClientFactory] create a new rpc client of 9fd3e7dd-35ac-452d-91ac-b91a28693cf0
12:30:30:483  INFO 3896 --- [main] org.reflections.Reflections              : Reflections took 15 ms to scan 1 urls, producing 3 keys and 6 values 
12:30:30:502  INFO 3896 --- [main] org.reflections.Reflections              : Reflections took 7 ms to scan 1 urls, producing 4 keys and 9 values 
12:30:30:509  INFO 3896 --- [main] org.reflections.Reflections              : Reflections took 5 ms to scan 1 urls, producing 3 keys and 10 values 
12:30:30:511  WARN 3896 --- [main] org.reflections.Reflections              : given scan urls are empty. set urls in the configuration
12:30:30:515  INFO 3896 --- [main] org.reflections.Reflections              : Reflections took 4 ms to scan 1 urls, producing 1 keys and 5 values 
12:30:30:521  INFO 3896 --- [main] org.reflections.Reflections              : Reflections took 4 ms to scan 1 urls, producing 1 keys and 7 values 
12:30:30:528  INFO 3896 --- [main] org.reflections.Reflections              : Reflections took 5 ms to scan 1 urls, producing 2 keys and 8 values 
12:30:30:529  WARN 3896 --- [main] org.reflections.Reflections              : given scan urls are empty. set urls in the configuration
12:30:30:530  INFO 3896 --- [main] com.alibaba.nacos.common.remote.client   : [9fd3e7dd-35ac-452d-91ac-b91a28693cf0] RpcClient init label, labels = {module=naming, source=sdk}
12:30:30:531  INFO 3896 --- [main] com.alibaba.nacos.common.remote.client   : [9fd3e7dd-35ac-452d-91ac-b91a28693cf0] RpcClient init, ServerListFactory = com.alibaba.nacos.client.naming.core.ServerListManager
12:30:30:531  INFO 3896 --- [main] com.alibaba.nacos.common.remote.client   : [9fd3e7dd-35ac-452d-91ac-b91a28693cf0] Registry connection listener to current client:com.alibaba.nacos.client.naming.remote.gprc.redo.NamingGrpcRedoService
12:30:30:532  INFO 3896 --- [main] com.alibaba.nacos.common.remote.client   : [9fd3e7dd-35ac-452d-91ac-b91a28693cf0] Register server push request handler:com.alibaba.nacos.client.naming.remote.gprc.NamingPushRequestHandler
12:30:30:533  INFO 3896 --- [main] com.alibaba.nacos.common.remote.client   : [9fd3e7dd-35ac-452d-91ac-b91a28693cf0] Try to connect to server on start up, server: {serverIp = '192.168.56.128', server main port = 8848}
12:30:34:343  INFO 3896 --- [main] com.alibaba.nacos.common.remote.client   : [9fd3e7dd-35ac-452d-91ac-b91a28693cf0] Success to connect to server [192.168.56.128:8848] on start up, connectionId = 1727325034309_192.168.56.1_59328
12:30:34:344  INFO 3896 --- [com.alibaba.nacos.client.remote.worker] com.alibaba.nacos.common.remote.client   : [9fd3e7dd-35ac-452d-91ac-b91a28693cf0] Notify connected event to listeners.
12:30:34:346  INFO 3896 --- [main] com.alibaba.nacos.common.remote.client   : [9fd3e7dd-35ac-452d-91ac-b91a28693cf0] Register server push request handler:com.alibaba.nacos.common.remote.client.RpcClient$ConnectResetRequestHandler
12:30:34:346  INFO 3896 --- [main] com.alibaba.nacos.common.remote.client   : [9fd3e7dd-35ac-452d-91ac-b91a28693cf0] Register server push request handler:com.alibaba.nacos.common.remote.client.RpcClient$$Lambda$973/0x000000080074fc40
12:30:34:405  INFO 3896 --- [main] o.s.b.w.embedded.tomcat.TomcatWebServer  : Tomcat started on port(s): 8086 (http) with context path ''
12:30:34:424  INFO 3896 --- [main] c.a.c.n.registry.NacosServiceRegistry    : nacos registry, DEFAULT_GROUP pay-service 192.168.64.1:8086 register finished
12:30:34:939  INFO 3896 --- [nacos-grpc-client-executor-9] com.alibaba.nacos.common.remote.client   : [9fd3e7dd-35ac-452d-91ac-b91a28693cf0] Receive server push request, request = NotifySubscriberRequest, requestId = 5
12:30:34:952  INFO 3896 --- [nacos-grpc-client-executor-9] com.alibaba.nacos.common.remote.client   : [9fd3e7dd-35ac-452d-91ac-b91a28693cf0] Ack server push request, request = NotifySubscriberRequest, requestId = 5
12:30:36:208  INFO 3896 --- [main] o.s.cloud.commons.util.InetUtils         : Cannot determine local hostname
12:30:36:208  INFO 3896 --- [main] d.s.w.p.DocumentationPluginsBootstrapper : Documentation plugins bootstrapped
12:30:36:211  INFO 3896 --- [main] d.s.w.p.DocumentationPluginsBootstrapper : Found 1 custom documentation plugin(s)
12:30:36:225  INFO 3896 --- [main] s.d.s.w.s.ApiListingReferenceScanner     : Scanning for api listing references
12:30:36:283  INFO 3896 --- [main] com.hmall.pay.PayApplication             : Started PayApplication in 18.892 seconds (JVM running for 21.172)
