17:40:25:095  INFO 19656 --- [main] com.hmall.HMallApplication               : Starting HMallApplication using Java 11.0.22 on LAPTOP-I43ULS42 with PID 19656 (D:\JavaCode\springcloud\hmall\hm-service\target\classes started by 25050 in D:\JavaCode\springcloud)
17:40:25:100 DEBUG 19656 --- [main] com.hmall.HMallApplication               : Running with Spring Boot v2.7.12, Spring v5.3.27
17:40:25:101  INFO 19656 --- [main] com.hmall.HMallApplication               : The following 1 profile is active: "local"
17:40:25:807  INFO 19656 --- [main] .s.d.r.c.RepositoryConfigurationDelegate : Multiple Spring Data modules found, entering strict repository configuration mode
17:40:25:809  INFO 19656 --- [main] .s.d.r.c.RepositoryConfigurationDelegate : Bootstrapping Spring Data Redis repositories in DEFAULT mode.
17:40:25:836  INFO 19656 --- [main] .s.d.r.c.RepositoryConfigurationDelegate : Finished Spring Data repository scanning in 17 ms. Found 0 Redis repository interfaces.
17:40:26:171  INFO 19656 --- [main] o.s.b.w.embedded.tomcat.TomcatWebServer  : Tomcat initialized with port(s): 8080 (http)
17:40:26:177  INFO 19656 --- [main] o.apache.catalina.core.StandardService   : Starting service [Tomcat]
17:40:26:177  INFO 19656 --- [main] org.apache.catalina.core.StandardEngine  : Starting Servlet engine: [Apache Tomcat/9.0.75]
17:40:26:263  INFO 19656 --- [main] o.a.c.c.C.[Tomcat].[localhost].[/]       : Initializing Spring embedded WebApplicationContext
17:40:26:263  INFO 19656 --- [main] w.s.c.ServletWebServerApplicationContext : Root WebApplicationContext: initialization completed in 1123 ms
17:40:27:959  INFO 19656 --- [main] pertySourcedRequestMappingHandlerMapping : Mapped URL path [/v2/api-docs] onto method [springfox.documentation.swagger2.web.Swagger2ControllerWebMvc#getDocumentation(String, HttpServletRequest)]
17:40:28:220  INFO 19656 --- [main] o.s.b.w.embedded.tomcat.TomcatWebServer  : Tomcat started on port(s): 8080 (http) with context path ''
17:40:28:220  INFO 19656 --- [main] d.s.w.p.DocumentationPluginsBootstrapper : Documentation plugins bootstrapped
17:40:28:222  INFO 19656 --- [main] d.s.w.p.DocumentationPluginsBootstrapper : Found 1 custom documentation plugin(s)
17:40:28:243  INFO 19656 --- [main] s.d.s.w.s.ApiListingReferenceScanner     : Scanning for api listing references
17:40:28:379  INFO 19656 --- [main] com.hmall.HMallApplication               : Started HMallApplication in 3.646 seconds (JVM running for 4.653)
17:42:27:663  INFO 19656 --- [http-nio-8080-exec-1] o.a.c.c.C.[Tomcat].[localhost].[/]       : Initializing Spring DispatcherServlet 'dispatcherServlet'
17:42:27:668  INFO 19656 --- [http-nio-8080-exec-1] o.s.web.servlet.DispatcherServlet        : Initializing Servlet 'dispatcherServlet'
17:42:27:671  INFO 19656 --- [http-nio-8080-exec-1] o.s.web.servlet.DispatcherServlet        : Completed initialization in 3 ms
17:42:27:842  INFO 19656 --- [http-nio-8080-exec-1] com.zaxxer.hikari.HikariDataSource       : HikariPool-1 - Starting...
17:42:28:095  INFO 19656 --- [http-nio-8080-exec-1] com.zaxxer.hikari.HikariDataSource       : HikariPool-1 - Start completed.
17:42:28:101 DEBUG 19656 --- [http-nio-8080-exec-1] c.h.m.ItemMapper.selectPage_mpCount      : ==>  Preparing: SELECT COUNT(*) FROM item
17:42:28:118 DEBUG 19656 --- [http-nio-8080-exec-1] c.h.m.ItemMapper.selectPage_mpCount      : ==> Parameters: 
17:42:28:295 DEBUG 19656 --- [http-nio-8080-exec-1] c.h.m.ItemMapper.selectPage_mpCount      : <==      Total: 1
17:42:28:308 DEBUG 19656 --- [http-nio-8080-exec-1] com.hmall.mapper.ItemMapper.selectPage   : ==>  Preparing: SELECT id, name, price, stock, image, category, brand, spec, sold, comment_count, isAD, status, create_time, update_time, creater, updater FROM item ORDER BY update_time DESC LIMIT ?
17:42:28:308 DEBUG 19656 --- [http-nio-8080-exec-1] com.hmall.mapper.ItemMapper.selectPage   : ==> Parameters: 20(Long)
17:42:28:333 DEBUG 19656 --- [http-nio-8080-exec-1] com.hmall.mapper.ItemMapper.selectPage   : <==      Total: 20
17:42:59:837 DEBUG 19656 --- [http-nio-8080-exec-6] com.hmall.mapper.UserMapper.selectOne    : ==>  Preparing: SELECT id,username,password,phone,create_time,update_time,status,balance FROM user WHERE (username = ?)
17:42:59:838 DEBUG 19656 --- [http-nio-8080-exec-6] com.hmall.mapper.UserMapper.selectOne    : ==> Parameters: Jack(String)
17:42:59:847 DEBUG 19656 --- [http-nio-8080-exec-6] com.hmall.mapper.UserMapper.selectOne    : <==      Total: 1
17:43:00:185 DEBUG 19656 --- [http-nio-8080-exec-7] com.hmall.mapper.CartMapper.selectList   : ==>  Preparing: SELECT id,user_id,item_id,num,name,spec,price,image,create_time,update_time FROM cart WHERE (user_id = ?)
17:43:00:186 DEBUG 19656 --- [http-nio-8080-exec-7] com.hmall.mapper.CartMapper.selectList   : ==> Parameters: 1(Long)
17:43:00:197 DEBUG 19656 --- [http-nio-8080-exec-7] com.hmall.mapper.CartMapper.selectList   : <==      Total: 0
17:50:34:810  INFO 16728 --- [main] com.hmall.HMallApplication               : Starting HMallApplication using Java 11.0.22 on LAPTOP-I43ULS42 with PID 16728 (D:\JavaCode\springcloud\hmall\hm-service\target\classes started by 25050 in D:\JavaCode\springcloud)
17:50:34:812 DEBUG 16728 --- [main] com.hmall.HMallApplication               : Running with Spring Boot v2.7.12, Spring v5.3.27
17:50:34:813  INFO 16728 --- [main] com.hmall.HMallApplication               : The following 1 profile is active: "local"
17:50:35:411  INFO 16728 --- [main] .s.d.r.c.RepositoryConfigurationDelegate : Multiple Spring Data modules found, entering strict repository configuration mode
17:50:35:412  INFO 16728 --- [main] .s.d.r.c.RepositoryConfigurationDelegate : Bootstrapping Spring Data Redis repositories in DEFAULT mode.
17:50:35:433  INFO 16728 --- [main] .s.d.r.c.RepositoryConfigurationDelegate : Finished Spring Data repository scanning in 9 ms. Found 0 Redis repository interfaces.
17:50:35:781  INFO 16728 --- [main] o.s.b.w.embedded.tomcat.TomcatWebServer  : Tomcat initialized with port(s): 8080 (http)
17:50:35:788  INFO 16728 --- [main] o.apache.catalina.core.StandardService   : Starting service [Tomcat]
17:50:35:788  INFO 16728 --- [main] org.apache.catalina.core.StandardEngine  : Starting Servlet engine: [Apache Tomcat/9.0.75]
17:50:35:881  INFO 16728 --- [main] o.a.c.c.C.[Tomcat].[localhost].[/]       : Initializing Spring embedded WebApplicationContext
17:50:35:881  INFO 16728 --- [main] w.s.c.ServletWebServerApplicationContext : Root WebApplicationContext: initialization completed in 1034 ms
17:50:37:568  INFO 16728 --- [main] pertySourcedRequestMappingHandlerMapping : Mapped URL path [/v2/api-docs] onto method [springfox.documentation.swagger2.web.Swagger2ControllerWebMvc#getDocumentation(String, HttpServletRequest)]
17:50:37:898  INFO 16728 --- [main] o.s.b.w.embedded.tomcat.TomcatWebServer  : Tomcat started on port(s): 8080 (http) with context path ''
17:50:37:899  INFO 16728 --- [main] d.s.w.p.DocumentationPluginsBootstrapper : Documentation plugins bootstrapped
17:50:37:901  INFO 16728 --- [main] d.s.w.p.DocumentationPluginsBootstrapper : Found 1 custom documentation plugin(s)
17:50:37:966  INFO 16728 --- [main] s.d.s.w.s.ApiListingReferenceScanner     : Scanning for api listing references
17:50:38:115  INFO 16728 --- [main] com.hmall.HMallApplication               : Started HMallApplication in 3.662 seconds (JVM running for 4.7)
